# JRE version: OpenJDK Runtime Environment (22.0.2+9) (build 22.0.2+9-70)
# Java VM: OpenJDK 64-Bit Server VM (22.0.2+9-70, mixed mode, sharing, tiered, compressed oops, compressed class ptrs, g1 gc, windows-amd64)
GC Precious Log:
 CardTable entry size: 512
 Card Set container configuration: InlinePtr #cards 5 size 8 Array Of Cards #cards 12 size 40 Howl #buckets 4 coarsen threshold 1843 Howl Bitmap #cards 512 size 80 coarsen threshold 460 Card regions per heap region 1 cards per card region 2048
 CPUs: 8 total, 8 available
 Memory: 16167M
 Large Page Support: Disabled
 NUMA Support: Disabled
 Compressed Oops: Enabled (32-bit)
 Heap Region Size: 1M
 Heap Min Capacity: 256M
 Heap Initial Capacity: 256M
 Heap Max Capacity: 512M
 Pre-touch: Disabled
 Parallel Workers: 8
 Concurrent Workers: 2
 Concurrent Refinement Workers: 8
 Periodic GC: Disabled
Heap:
 garbage-first heap   total reserved 524288K, committed 270336K, used 155427K [0x00000000e0000000, 0x0000000100000000)
  region size 1024K, 39 young (39936K), 5 survivors (5120K)
 Metaspace       used 100603K, committed 102400K, reserved 458752K
  class space    used 14144K, committed 14976K, reserved 327680K
GC Heap History (20 events):
Event: 3.672 GC heap before
{Heap before GC invocations=7 (full 0):
 garbage-first heap   total reserved 524288K, committed 262144K, used 58591K [0x00000000e0000000, 0x0000000100000000)
  region size 1024K, 38 young (38912K), 13 survivors (13312K)
 Metaspace       used 35450K, committed 36736K, reserved 393216K
  class space    used 5248K, committed 5888K, reserved 327680K
}
Event: 3.680 GC heap after
{Heap after GC invocations=8 (full 0):
 garbage-first heap   total reserved 524288K, committed 262144K, used 34855K [0x00000000e0000000, 0x0000000100000000)
  region size 1024K, 10 young (10240K), 10 survivors (10240K)
 Metaspace       used 35450K, committed 36736K, reserved 393216K
  class space    used 5248K, committed 5888K, reserved 327680K
}
Event: 5.105 GC heap before
{Heap before GC invocations=9 (full 0):
 garbage-first heap   total reserved 524288K, committed 262144K, used 187431K [0x00000000e0000000, 0x0000000100000000)
  region size 1024K, 153 young (156672K), 10 survivors (10240K)
 Metaspace       used 48869K, committed 50624K, reserved 393216K
  class space    used 7226K, committed 8064K, reserved 327680K
}
Event: 5.116 GC heap after
{Heap after GC invocations=10 (full 0):
 garbage-first heap   total reserved 524288K, committed 262144K, used 43598K [0x00000000e0000000, 0x0000000100000000)
  region size 1024K, 18 young (18432K), 18 survivors (18432K)
 Metaspace       used 48869K, committed 50624K, reserved 393216K
  class space    used 7226K, committed 8064K, reserved 327680K
}
Event: 6.114 GC heap before
{Heap before GC invocations=10 (full 0):
 garbage-first heap   total reserved 524288K, committed 262144K, used 144974K [0x00000000e0000000, 0x0000000100000000)
  region size 1024K, 119 young (121856K), 18 survivors (18432K)
 Metaspace       used 59441K, committed 61440K, reserved 393216K
  class space    used 8770K, committed 9728K, reserved 327680K
}
Event: 6.128 GC heap after
{Heap after GC invocations=11 (full 0):
 garbage-first heap   total reserved 524288K, committed 262144K, used 48254K [0x00000000e0000000, 0x0000000100000000)
  region size 1024K, 15 young (15360K), 15 survivors (15360K)
 Metaspace       used 59441K, committed 61440K, reserved 393216K
  class space    used 8770K, committed 9728K, reserved 327680K
}
Event: 6.161 GC heap before
{Heap before GC invocations=11 (full 0):
 garbage-first heap   total reserved 524288K, committed 262144K, used 52350K [0x00000000e0000000, 0x0000000100000000)
  region size 1024K, 20 young (20480K), 15 survivors (15360K)
 Metaspace       used 59733K, committed 61760K, reserved 393216K
  class space    used 8820K, committed 9792K, reserved 327680K
}
Event: 6.170 GC heap after
{Heap after GC invocations=12 (full 0):
 garbage-first heap   total reserved 524288K, committed 262144K, used 49780K [0x00000000e0000000, 0x0000000100000000)
  region size 1024K, 10 young (10240K), 10 survivors (10240K)
 Metaspace       used 59733K, committed 61760K, reserved 393216K
  class space    used 8820K, committed 9792K, reserved 327680K
}
Event: 8.806 GC heap before
{Heap before GC invocations=13 (full 0):
 garbage-first heap   total reserved 524288K, committed 262144K, used 196212K [0x00000000e0000000, 0x0000000100000000)
  region size 1024K, 153 young (156672K), 10 survivors (10240K)
 Metaspace       used 64956K, committed 67200K, reserved 393216K
  class space    used 9480K, committed 10560K, reserved 327680K
}
Event: 8.815 GC heap after
{Heap after GC invocations=14 (full 0):
 garbage-first heap   total reserved 524288K, committed 262144K, used 55679K [0x00000000e0000000, 0x0000000100000000)
  region size 1024K, 16 young (16384K), 16 survivors (16384K)
 Metaspace       used 64956K, committed 67200K, reserved 393216K
  class space    used 9480K, committed 10560K, reserved 327680K
}
Event: 5181.815 GC heap before
{Heap before GC invocations=14 (full 0):
 garbage-first heap   total reserved 524288K, committed 262144K, used 206207K [0x00000000e0000000, 0x0000000100000000)
  region size 1024K, 153 young (156672K), 16 survivors (16384K)
 Metaspace       used 67355K, committed 69568K, reserved 393216K
  class space    used 9845K, committed 10944K, reserved 327680K
}
Event: 5181.834 GC heap after
{Heap after GC invocations=15 (full 0):
 garbage-first heap   total reserved 524288K, committed 262144K, used 71309K [0x00000000e0000000, 0x0000000100000000)
  region size 1024K, 14 young (14336K), 14 survivors (14336K)
 Metaspace       used 67355K, committed 69568K, reserved 393216K
  class space    used 9845K, committed 10944K, reserved 327680K
}
Event: 5181.883 GC heap before
{Heap before GC invocations=15 (full 0):
 garbage-first heap   total reserved 524288K, committed 262144K, used 79501K [0x00000000e0000000, 0x0000000100000000)
  region size 1024K, 24 young (24576K), 14 survivors (14336K)
 Metaspace       used 67410K, committed 69696K, reserved 393216K
  class space    used 9846K, committed 10944K, reserved 327680K
}
Event: 5181.892 GC heap after
{Heap after GC invocations=16 (full 0):
 garbage-first heap   total reserved 524288K, committed 262144K, used 72138K [0x00000000e0000000, 0x0000000100000000)
  region size 1024K, 8 young (8192K), 8 survivors (8192K)
 Metaspace       used 67410K, committed 69696K, reserved 393216K
  class space    used 9846K, committed 10944K, reserved 327680K
}
Event: 5183.276 GC heap before
{Heap before GC invocations=17 (full 0):
 garbage-first heap   total reserved 524288K, committed 262144K, used 240074K [0x00000000e0000000, 0x0000000100000000)
  region size 1024K, 153 young (156672K), 8 survivors (8192K)
 Metaspace       used 79850K, committed 81152K, reserved 458752K
  class space    used 11696K, committed 12288K, reserved 327680K
}
Event: 5183.287 GC heap after
{Heap after GC invocations=18 (full 0):
 garbage-first heap   total reserved 524288K, committed 262144K, used 105472K [0x00000000e0000000, 0x0000000100000000)
  region size 1024K, 20 young (20480K), 20 survivors (20480K)
 Metaspace       used 79850K, committed 81152K, reserved 458752K
  class space    used 11696K, committed 12288K, reserved 327680K
}
Event: 5184.430 GC heap before
{Heap before GC invocations=18 (full 0):
 garbage-first heap   total reserved 524288K, committed 262144K, used 234496K [0x00000000e0000000, 0x0000000100000000)
  region size 1024K, 139 young (142336K), 20 survivors (20480K)
 Metaspace       used 92133K, committed 93824K, reserved 458752K
  class space    used 13106K, committed 13888K, reserved 327680K
}
Event: 5184.446 GC heap after
{Heap after GC invocations=19 (full 0):
 garbage-first heap   total reserved 524288K, committed 270336K, used 115700K [0x00000000e0000000, 0x0000000100000000)
  region size 1024K, 12 young (12288K), 12 survivors (12288K)
 Metaspace       used 92133K, committed 93824K, reserved 458752K
  class space    used 13106K, committed 13888K, reserved 327680K
}
Event: 5185.060 GC heap before
{Heap before GC invocations=19 (full 0):
 garbage-first heap   total reserved 524288K, committed 270336K, used 185332K [0x00000000e0000000, 0x0000000100000000)
  region size 1024K, 81 young (82944K), 12 survivors (12288K)
 Metaspace       used 100563K, committed 102272K, reserved 458752K
  class space    used 14163K, committed 14976K, reserved 327680K
}
Event: 5185.069 GC heap after
{Heap after GC invocations=20 (full 0):
 garbage-first heap   total reserved 524288K, committed 270336K, used 120611K [0x00000000e0000000, 0x0000000100000000)
  region size 1024K, 5 young (5120K), 5 survivors (5120K)
 Metaspace       used 100563K, committed 102272K, reserved 458752K
  class space    used 14163K, committed 14976K, reserved 327680K
}

